<?xml  version="1.0" encoding="UTF-8"?>
<beans xmlns="http://www.springframework.org/schema/beans"
	xmlns:xsi="http://www.w3.org/2001/XMLSchema-instance"
	xmlns:p="http://www.springframework.org/schema/p" 
	xmlns:tx="http://www.springframework.org/schema/tx"
	xsi:schemaLocation="http://www.springframework.org/schema/beans 
		http://www.springframework.org/schema/beans/spring-beans-3.1.xsd
        http://www.springframework.org/schema/tx 
        http://www.springframework.org/schema/tx/spring-tx-3.1.xsd">
	
	<bean id="propertyConfigurer"
		class="org.springframework.beans.factory.config.PropertyPlaceholderConfigurer"
		p:location="classpath:jdbc.properties" />
		
	<tx:annotation-driven transaction-manager="transactionManager" />

	<bean id="dataSource" destroy-method="close" class="org.apache.commons.dbcp.BasicDataSource">
		<property name="driverClassName" value="${jdbc.test.driverClassName}"/>
		<property name="url" value="${jdbc.test.databaseurl}"/>
		<property name="username" value="${jdbc.test.username}"/>
		<property name="password" value="${jdbc.test.password}"/>
		<property name="validationQuery" value="select 1"/>
		<property name="testOnBorrow" value="true"/>
		<property name="testOnReturn" value="false"/>
	</bean>
	
	<!-- Transaction support -->
	<bean id="transactionManager" class="org.springframework.jdbc.datasource.DataSourceTransactionManager">
     	<property name="dataSource" ref="dataSource"/>
  	</bean>
</beans>